<?xml version="1.0" encoding="UTF-8"?>
<coverage generated="1341760807">
  <project timestamp="1341760807">
    <package name="Bav\Backend">
      <file name="/home/dl/Projects/bav/library/Bav/Backend/BundesbankFile.php">
        <class name="BundesbankFile" namespace="Bav\Backend">
          <metrics methods="8" coveredmethods="0" conditionals="0" coveredconditionals="0" statements="69" coveredstatements="0" elements="77" coveredelements="0"/>
        </class>
        <line num="14" type="method" name="__construct" crap="2" count="0"/>
        <line num="16" type="stmt" count="0"/>
        <line num="17" type="stmt" count="0"/>
        <line num="25" type="method" name="bankExists" crap="6" count="0"/>
        <line num="28" type="stmt" count="0"/>
        <line num="29" type="stmt" count="0"/>
        <line num="30" type="stmt" count="0"/>
        <line num="31" type="stmt" count="0"/>
        <line num="35" type="method" name="getAgencies" crap="12" count="0"/>
        <line num="38" type="stmt" count="0"/>
        <line num="39" type="stmt" count="0"/>
        <line num="40" type="stmt" count="0"/>
        <line num="41" type="stmt" count="0"/>
        <line num="42" type="stmt" count="0"/>
        <line num="43" type="stmt" count="0"/>
        <line num="44" type="stmt" count="0"/>
        <line num="46" type="stmt" count="0"/>
        <line num="47" type="stmt" count="0"/>
        <line num="48" type="stmt" count="0"/>
        <line num="52" type="method" name="getAllBanks" crap="2" count="0"/>
        <line num="55" type="stmt" count="0"/>
        <line num="57" type="method" name="getBank" crap="6" count="0"/>
        <line num="59" type="stmt" count="0"/>
        <line num="60" type="stmt" count="0"/>
        <line num="62" type="stmt" count="0"/>
        <line num="63" type="stmt" count="0"/>
        <line num="76" type="method" name="findBank" crap="56" count="0"/>
        <line num="78" type="stmt" count="0"/>
        <line num="79" type="stmt" count="0"/>
        <line num="83" type="stmt" count="0"/>
        <line num="84" type="stmt" count="0"/>
        <line num="89" type="stmt" count="0"/>
        <line num="91" type="stmt" count="0"/>
        <line num="93" type="stmt" count="0"/>
        <line num="94" type="stmt" count="0"/>
        <line num="98" type="stmt" count="0"/>
        <line num="99" type="stmt" count="0"/>
        <line num="101" type="stmt" count="0"/>
        <line num="103" type="stmt" count="0"/>
        <line num="104" type="stmt" count="0"/>
        <line num="105" type="stmt" count="0"/>
        <line num="106" type="stmt" count="0"/>
        <line num="108" type="stmt" count="0"/>
        <line num="120" type="method" name="getNewBank" crap="12" count="0"/>
        <line num="122" type="stmt" count="0"/>
        <line num="128" type="stmt" count="0"/>
        <line num="129" type="stmt" count="0"/>
        <line num="130" type="stmt" count="0"/>
        <line num="131" type="stmt" count="0"/>
        <line num="132" type="stmt" count="0"/>
        <line num="133" type="stmt" count="0"/>
        <line num="135" type="stmt" count="0"/>
        <line num="136" type="stmt" count="0"/>
        <line num="137" type="stmt" count="0"/>
        <line num="138" type="stmt" count="0"/>
        <line num="141" type="stmt" count="0"/>
        <line num="143" type="stmt" count="0"/>
        <line num="144" type="stmt" count="0"/>
        <line num="153" type="method" name="defineContextInterval" crap="72" count="0"/>
        <line num="154" type="stmt" count="0"/>
        <line num="155" type="stmt" count="0"/>
        <line num="158" type="stmt" count="0"/>
        <line num="162" type="stmt" count="0"/>
        <line num="163" type="stmt" count="0"/>
        <line num="164" type="stmt" count="0"/>
        <line num="165" type="stmt" count="0"/>
        <line num="168" type="stmt" count="0"/>
        <line num="169" type="stmt" count="0"/>
        <line num="171" type="stmt" count="0"/>
        <line num="175" type="stmt" count="0"/>
        <line num="176" type="stmt" count="0"/>
        <line num="177" type="stmt" count="0"/>
        <line num="178" type="stmt" count="0"/>
        <line num="181" type="stmt" count="0"/>
        <line num="182" type="stmt" count="0"/>
        <line num="184" type="stmt" count="0"/>
        <line num="185" type="stmt" count="0"/>
        <line num="188" type="stmt" count="0"/>
        <metrics loc="187" ncloc="147" classes="1" methods="8" coveredmethods="0" conditionals="0" coveredconditionals="0" statements="69" coveredstatements="0" elements="77" coveredelements="0"/>
      </file>
    </package>
    <package name="Bav\Backend\Exception">
      <file name="/home/dl/Projects/bav/library/Bav/Backend/Exception/BankNotFoundException.php">
        <class name="BankNotFoundException" namespace="Bav\Backend\Exception">
          <metrics methods="0" coveredmethods="0" conditionals="0" coveredconditionals="0" statements="0" coveredstatements="0" elements="0" coveredelements="0"/>
        </class>
        <line num="6" type="stmt" count="0"/>
        <line num="8" type="stmt" count="0"/>
        <metrics loc="7" ncloc="7" classes="1" methods="0" coveredmethods="0" conditionals="0" coveredconditionals="0" statements="1" coveredstatements="0" elements="1" coveredelements="0"/>
      </file>
    </package>
    <package name="Bav\Backend\Parser">
      <file name="/home/dl/Projects/bav/library/Bav/Backend/Parser/BundesbankFile.php">
        <class name="BundesbankFile" namespace="Bav\Backend\Parser">
          <metrics methods="14" coveredmethods="0" conditionals="0" coveredconditionals="0" statements="60" coveredstatements="0" elements="74" coveredelements="0"/>
        </class>
        <line num="56" type="method" name="__construct" crap="2" count="0"/>
        <line num="58" type="stmt" count="0"/>
        <line num="59" type="stmt" count="0"/>
        <line num="60" type="stmt" count="0"/>
        <line num="68" type="method" name="init" crap="42" count="0"/>
        <line num="70" type="stmt" count="0"/>
        <line num="71" type="stmt" count="0"/>
        <line num="74" type="stmt" count="0"/>
        <line num="75" type="stmt" count="0"/>
        <line num="76" type="stmt" count="0"/>
        <line num="77" type="stmt" count="0"/>
        <line num="79" type="stmt" count="0"/>
        <line num="85" type="stmt" count="0"/>
        <line num="86" type="stmt" count="0"/>
        <line num="87" type="stmt" count="0"/>
        <line num="89" type="stmt" count="0"/>
        <line num="91" type="stmt" count="0"/>
        <line num="92" type="stmt" count="0"/>
        <line num="93" type="stmt" count="0"/>
        <line num="94" type="stmt" count="0"/>
        <line num="97" type="stmt" count="0"/>
        <line num="98" type="stmt" count="0"/>
        <line num="105" type="method" name="getLines" crap="2" count="0"/>
        <line num="107" type="stmt" count="0"/>
        <line num="108" type="stmt" count="0"/>
        <line num="114" type="method" name="rewind" crap="6" count="0"/>
        <line num="116" type="stmt" count="0"/>
        <line num="117" type="stmt" count="0"/>
        <line num="120" type="stmt" count="0"/>
        <line num="127" type="method" name="seekLine" crap="6" count="0"/>
        <line num="129" type="stmt" count="0"/>
        <line num="130" type="stmt" count="0"/>
        <line num="133" type="stmt" count="0"/>
        <line num="140" type="method" name="readLine" crap="2" count="0"/>
        <line num="142" type="stmt" count="0"/>
        <line num="143" type="stmt" count="0"/>
        <line num="151" type="method" name="getBankId" crap="2" count="0"/>
        <line num="153" type="stmt" count="0"/>
        <line num="154" type="stmt" count="0"/>
        <line num="161" type="method" name="getFileHandle" crap="2" count="0"/>
        <line num="163" type="stmt" count="0"/>
        <line num="164" type="stmt" count="0"/>
        <line num="171" type="method" name="getLineLength" crap="2" count="0"/>
        <line num="173" type="stmt" count="0"/>
        <line num="174" type="stmt" count="0"/>
        <line num="178" type="method" name="__destruct" crap="6" count="0"/>
        <line num="180" type="stmt" count="0"/>
        <line num="181" type="stmt" count="0"/>
        <line num="183" type="stmt" count="0"/>
        <line num="184" type="stmt" count="0"/>
        <line num="190" type="method" name="getBank" crap="6" count="0"/>
        <line num="192" type="stmt" count="0"/>
        <line num="193" type="stmt" count="0"/>
        <line num="196" type="stmt" count="0"/>
        <line num="197" type="stmt" count="0"/>
        <line num="199" type="stmt" count="0"/>
        <line num="206" type="method" name="getAgency" crap="6" count="0"/>
        <line num="208" type="stmt" count="0"/>
        <line num="209" type="stmt" count="0"/>
        <line num="212" type="stmt" count="0"/>
        <line num="213" type="stmt" count="0"/>
        <line num="214" type="stmt" count="0"/>
        <line num="215" type="stmt" count="0"/>
        <line num="216" type="stmt" count="0"/>
        <line num="217" type="stmt" count="0"/>
        <line num="218" type="stmt" count="0"/>
        <line num="220" type="stmt" count="0"/>
        <line num="222" type="stmt" count="0"/>
        <line num="229" type="method" name="isMainAgency" crap="6" count="0"/>
        <line num="231" type="stmt" count="0"/>
        <line num="232" type="stmt" count="0"/>
        <line num="235" type="stmt" count="0"/>
        <line num="240" type="method" name="getFile" crap="2" count="0"/>
        <line num="242" type="stmt" count="0"/>
        <line num="245" type="stmt" count="0"/>
        <metrics loc="244" ncloc="164" classes="1" methods="14" coveredmethods="0" conditionals="0" coveredconditionals="0" statements="60" coveredstatements="0" elements="74" coveredelements="0"/>
      </file>
    </package>
    <package name="Bav\Backend\Parser\Context">
      <file name="/home/dl/Projects/bav/library/Bav/Backend/Parser/Context/BundesbankBank.php">
        <class name="BundesbankBank" namespace="Bav\Backend\Parser\Context">
          <metrics methods="8" coveredmethods="0" conditionals="0" coveredconditionals="0" statements="15" coveredstatements="0" elements="23" coveredelements="0"/>
        </class>
        <line num="28" type="method" name="__construct" crap="2" count="0"/>
        <line num="29" type="stmt" count="0"/>
        <line num="30" type="stmt" count="0"/>
        <line num="34" type="method" name="getLine" crap="2" count="0"/>
        <line num="35" type="stmt" count="0"/>
        <line num="41" type="method" name="getStart" crap="6" count="0"/>
        <line num="42" type="stmt" count="0"/>
        <line num="43" type="stmt" count="0"/>
        <line num="45" type="stmt" count="0"/>
        <line num="50" type="method" name="isStartDefined" crap="2" count="0"/>
        <line num="51" type="stmt" count="0"/>
        <line num="57" type="method" name="getEnd" crap="6" count="0"/>
        <line num="58" type="stmt" count="0"/>
        <line num="59" type="stmt" count="0"/>
        <line num="62" type="stmt" count="0"/>
        <line num="67" type="method" name="isEndDefined" crap="2" count="0"/>
        <line num="68" type="stmt" count="0"/>
        <line num="73" type="method" name="setStart" crap="2" count="0"/>
        <line num="74" type="stmt" count="0"/>
        <line num="75" type="stmt" count="0"/>
        <line num="79" type="method" name="setEnd" crap="2" count="0"/>
        <line num="80" type="stmt" count="0"/>
        <line num="81" type="stmt" count="0"/>
        <line num="83" type="stmt" count="0"/>
        <metrics loc="82" ncloc="46" classes="1" methods="8" coveredmethods="0" conditionals="0" coveredconditionals="0" statements="15" coveredstatements="0" elements="23" coveredelements="0"/>
      </file>
    </package>
    <package name="Bav\Backend\Parser\Exception">
      <file name="/home/dl/Projects/bav/library/Bav/Backend/Parser/Exception/ParseException.php">
        <class name="ParseException" namespace="Bav\Backend\Parser\Exception">
          <metrics methods="0" coveredmethods="0" conditionals="0" coveredconditionals="0" statements="0" coveredstatements="0" elements="0" coveredelements="0"/>
        </class>
        <line num="6" type="stmt" count="0"/>
        <line num="8" type="stmt" count="0"/>
        <metrics loc="7" ncloc="7" classes="1" methods="0" coveredmethods="0" conditionals="0" coveredconditionals="0" statements="1" coveredstatements="0" elements="1" coveredelements="0"/>
      </file>
    </package>
    <file name="/home/dl/Projects/bav/library/Bav/BackendInterface.php">
      <line num="5" type="stmt" count="0"/>
      <line num="12" type="stmt" count="0"/>
      <metrics loc="11" ncloc="11" classes="0" methods="0" coveredmethods="0" conditionals="0" coveredconditionals="0" statements="1" coveredstatements="0" elements="1" coveredelements="0"/>
    </file>
    <package name="Bav">
      <file name="/home/dl/Projects/bav/library/Bav/Bank.php">
        <class name="Bank" namespace="Bav">
          <metrics methods="9" coveredmethods="0" conditionals="0" coveredconditionals="0" statements="19" coveredstatements="0" elements="28" coveredelements="0"/>
        </class>
        <line num="69" type="method" name="__construct" crap="2" count="0"/>
        <line num="71" type="stmt" count="0"/>
        <line num="72" type="stmt" count="0"/>
        <line num="73" type="stmt" count="0"/>
        <line num="78" type="method" name="getValidationType" crap="2" count="0"/>
        <line num="80" type="stmt" count="0"/>
        <line num="86" type="method" name="getBankID" crap="2" count="0"/>
        <line num="88" type="stmt" count="0"/>
        <line num="97" type="method" name="getMainAgency" crap="12" count="0"/>
        <line num="100" type="stmt" count="0"/>
        <line num="101" type="stmt" count="0"/>
        <line num="102" type="stmt" count="0"/>
        <line num="103" type="stmt" count="0"/>
        <line num="111" type="method" name="getAgencies" crap="2" count="0"/>
        <line num="113" type="stmt" count="0"/>
        <line num="123" type="method" name="isValid" crap="2" count="0"/>
        <line num="125" type="stmt" count="0"/>
        <line num="132" type="method" name="getValidator" crap="6" count="0"/>
        <line num="134" type="stmt" count="0"/>
        <line num="135" type="stmt" count="0"/>
        <line num="136" type="stmt" count="0"/>
        <line num="137" type="stmt" count="0"/>
        <line num="140" type="method" name="addAgency" crap="2" count="0"/>
        <line num="142" type="stmt" count="0"/>
        <line num="143" type="stmt" count="0"/>
        <line num="145" type="method" name="setAgencies" crap="2" count="0"/>
        <line num="147" type="stmt" count="0"/>
        <line num="148" type="stmt" count="0"/>
        <line num="150" type="stmt" count="0"/>
        <metrics loc="149" ncloc="65" classes="1" methods="9" coveredmethods="0" conditionals="0" coveredconditionals="0" statements="19" coveredstatements="0" elements="28" coveredelements="0"/>
      </file>
      <file name="/home/dl/Projects/bav/library/Bav/Encoder.php">
        <class name="Encoder" namespace="Bav">
          <metrics methods="3" coveredmethods="0" conditionals="0" coveredconditionals="0" statements="14" coveredstatements="0" elements="17" coveredelements="0"/>
        </class>
        <line num="14" type="method" name="registerEncoder" crap="6" count="0"/>
        <line num="16" type="stmt" count="0"/>
        <line num="17" type="stmt" count="0"/>
        <line num="18" type="stmt" count="0"/>
        <line num="21" type="stmt" count="0"/>
        <line num="22" type="stmt" count="0"/>
        <line num="24" type="method" name="unregisterEncoder" crap="6" count="0"/>
        <line num="26" type="stmt" count="0"/>
        <line num="27" type="stmt" count="0"/>
        <line num="28" type="stmt" count="0"/>
        <line num="29" type="stmt" count="0"/>
        <line num="31" type="method" name="factory" crap="12" count="0"/>
        <line num="33" type="stmt" count="0"/>
        <line num="34" type="stmt" count="0"/>
        <line num="35" type="stmt" count="0"/>
        <line num="37" type="stmt" count="0"/>
        <line num="39" type="stmt" count="0"/>
        <line num="42" type="stmt" count="0"/>
        <metrics loc="41" ncloc="37" classes="1" methods="3" coveredmethods="0" conditionals="0" coveredconditionals="0" statements="14" coveredstatements="0" elements="17" coveredelements="0"/>
      </file>
    </package>
    <package name="Bav\Bank">
      <file name="/home/dl/Projects/bav/library/Bav/Bank/Agency.php">
        <class name="Agency" namespace="Bav\Bank">
          <metrics methods="12" coveredmethods="0" conditionals="0" coveredconditionals="0" statements="24" coveredstatements="0" elements="36" coveredelements="0"/>
        </class>
        <line num="91" type="method" name="__construct" crap="2" count="0"/>
        <line num="93" type="stmt" count="0"/>
        <line num="94" type="stmt" count="0"/>
        <line num="95" type="stmt" count="0"/>
        <line num="96" type="stmt" count="0"/>
        <line num="97" type="stmt" count="0"/>
        <line num="98" type="stmt" count="0"/>
        <line num="99" type="stmt" count="0"/>
        <line num="100" type="stmt" count="0"/>
        <line num="101" type="stmt" count="0"/>
        <line num="106" type="method" name="isMainAgency" crap="2" count="0"/>
        <line num="108" type="stmt" count="0"/>
        <line num="114" type="method" name="getBank" crap="2" count="0"/>
        <line num="116" type="stmt" count="0"/>
        <line num="122" type="method" name="getID" crap="2" count="0"/>
        <line num="124" type="stmt" count="0"/>
        <line num="130" type="method" name="getPostcode" crap="2" count="0"/>
        <line num="132" type="stmt" count="0"/>
        <line num="138" type="method" name="getCity" crap="2" count="0"/>
        <line num="140" type="stmt" count="0"/>
        <line num="146" type="method" name="getName" crap="2" count="0"/>
        <line num="148" type="stmt" count="0"/>
        <line num="154" type="method" name="getShortTerm" crap="2" count="0"/>
        <line num="156" type="stmt" count="0"/>
        <line num="162" type="method" name="hasPan" crap="2" count="0"/>
        <line num="164" type="stmt" count="0"/>
        <line num="170" type="method" name="hasBic" crap="2" count="0"/>
        <line num="172" type="stmt" count="0"/>
        <line num="179" type="method" name="getPan" crap="6" count="0"/>
        <line num="181" type="stmt" count="0"/>
        <line num="182" type="stmt" count="0"/>
        <line num="184" type="stmt" count="0"/>
        <line num="191" type="method" name="getBic" crap="6" count="0"/>
        <line num="193" type="stmt" count="0"/>
        <line num="194" type="stmt" count="0"/>
        <line num="196" type="stmt" count="0"/>
        <line num="199" type="stmt" count="0"/>
        <metrics loc="198" ncloc="99" classes="1" methods="12" coveredmethods="0" conditionals="0" coveredconditionals="0" statements="24" coveredstatements="0" elements="36" coveredelements="0"/>
      </file>
    </package>
    <file name="/home/dl/Projects/bav/library/Bav/Bank/Exception/BAV_AgencyException.php">
      <class name="BAV_AgencyException" namespace="global" fullPackage="classes.dataBackend" package="classes" subpackage="dataBackend">
        <metrics methods="2" coveredmethods="0" conditionals="0" coveredconditionals="0" statements="3" coveredstatements="0" elements="5" coveredelements="0"/>
      </class>
      <line num="38" type="method" name="__construct" crap="2" count="0"/>
      <line num="39" type="stmt" count="0"/>
      <line num="40" type="stmt" count="0"/>
      <line num="44" type="method" name="getAgency" crap="2" count="0"/>
      <line num="45" type="stmt" count="0"/>
      <line num="49" type="stmt" count="0"/>
      <metrics loc="48" ncloc="19" classes="1" methods="2" coveredmethods="0" conditionals="0" coveredconditionals="0" statements="3" coveredstatements="0" elements="5" coveredelements="0"/>
    </file>
    <file name="/home/dl/Projects/bav/library/Bav/Bank/Exception/BAV_AgencyException_UndefinedAttribute.php">
      <class name="BAV_AgencyException_UndefinedAttribute" namespace="global" fullPackage="classes.dataBackend" package="classes" subpackage="dataBackend">
        <metrics methods="2" coveredmethods="0" conditionals="0" coveredconditionals="0" statements="4" coveredstatements="0" elements="6" coveredelements="0"/>
      </class>
      <line num="42" type="method" name="__construct" crap="2" count="0"/>
      <line num="43" type="stmt" count="0"/>
      <line num="44" type="stmt" count="0"/>
      <line num="45" type="stmt" count="0"/>
      <line num="49" type="method" name="getAttribute" crap="2" count="0"/>
      <line num="50" type="stmt" count="0"/>
      <line num="57" type="stmt" count="0"/>
      <metrics loc="56" ncloc="24" classes="1" methods="2" coveredmethods="0" conditionals="0" coveredconditionals="0" statements="4" coveredstatements="0" elements="6" coveredelements="0"/>
    </file>
    <package name="Bav\Encoder">
      <file name="/home/dl/Projects/bav/library/Bav/Encoder/Iso8859.php">
        <class name="Iso8859" namespace="Bav\Encoder">
          <metrics methods="4" coveredmethods="0" conditionals="0" coveredconditionals="0" statements="6" coveredstatements="0" elements="10" coveredelements="0"/>
        </class>
        <line num="15" type="method" name="convert" crap="2" count="0"/>
        <line num="18" type="stmt" count="0"/>
        <line num="29" type="method" name="strlen" crap="2" count="0"/>
        <line num="31" type="stmt" count="0"/>
        <line num="42" type="method" name="substr" crap="6" count="0"/>
        <line num="44" type="stmt" count="0"/>
        <line num="45" type="stmt" count="0"/>
        <line num="48" type="stmt" count="0"/>
        <line num="56" type="method" name="isSupported" crap="2" count="0"/>
        <line num="58" type="stmt" count="0"/>
        <line num="60" type="stmt" count="0"/>
        <metrics loc="59" ncloc="27" classes="1" methods="4" coveredmethods="0" conditionals="0" coveredconditionals="0" statements="6" coveredstatements="0" elements="10" coveredelements="0"/>
      </file>
    </package>
    <file name="/home/dl/Projects/bav/library/Bav/EncoderInterface.php">
      <line num="5" type="stmt" count="0"/>
      <line num="13" type="stmt" count="0"/>
      <metrics loc="12" ncloc="12" classes="0" methods="0" coveredmethods="0" conditionals="0" coveredconditionals="0" statements="1" coveredstatements="0" elements="1" coveredelements="0"/>
    </file>
    <package name="Bav\Exception">
      <file name="/home/dl/Projects/bav/library/Bav/Exception/FileNotFoundException.php">
        <class name="FileNotFoundException" namespace="Bav\Exception">
          <metrics methods="0" coveredmethods="0" conditionals="0" coveredconditionals="0" statements="0" coveredstatements="0" elements="0" coveredelements="0"/>
        </class>
        <line num="6" type="stmt" count="0"/>
        <line num="8" type="stmt" count="0"/>
        <metrics loc="7" ncloc="7" classes="1" methods="0" coveredmethods="0" conditionals="0" coveredconditionals="0" statements="1" coveredstatements="0" elements="1" coveredelements="0"/>
      </file>
      <file name="/home/dl/Projects/bav/library/Bav/Exception/IoException.php">
        <class name="IoException" namespace="Bav\Exception">
          <metrics methods="0" coveredmethods="0" conditionals="0" coveredconditionals="0" statements="0" coveredstatements="0" elements="0" coveredelements="0"/>
        </class>
        <line num="6" type="stmt" count="0"/>
        <line num="8" type="stmt" count="0"/>
        <metrics loc="7" ncloc="7" classes="1" methods="0" coveredmethods="0" conditionals="0" coveredconditionals="0" statements="1" coveredstatements="0" elements="1" coveredelements="0"/>
      </file>
    </package>
    <package name="Bav\Validator">
      <file name="/home/dl/Projects/bav/library/Bav/Validator/Base.php">
        <class name="Base" namespace="Bav\Validator">
          <metrics methods="8" coveredmethods="5" conditionals="0" coveredconditionals="0" statements="18" coveredstatements="14" elements="26" coveredelements="19"/>
        </class>
        <line num="16" type="method" name="getChecknumberPosition" crap="2" count="0"/>
        <line num="18" type="stmt" count="0"/>
        <line num="21" type="method" name="setChecknumberPosition" crap="1" count="6"/>
        <line num="23" type="stmt" count="6"/>
        <line num="24" type="stmt" count="6"/>
        <line num="27" type="method" name="getChecknumber" crap="1" count="216"/>
        <line num="29" type="stmt" count="216"/>
        <line num="32" type="method" name="validate" crap="1" count="0"/>
        <line num="34" type="method" name="isValid" crap="3.58" count="221"/>
        <line num="37" type="stmt" count="221"/>
        <line num="38" type="stmt" count="221"/>
        <line num="39" type="stmt" count="221"/>
        <line num="40" type="stmt" count="0"/>
        <line num="41" type="stmt" count="0"/>
        <line num="50" type="method" name="init" crap="2" count="221"/>
        <line num="52" type="stmt" count="221"/>
        <line num="53" type="stmt" count="221"/>
        <line num="54" type="stmt" count="221"/>
        <line num="56" type="stmt" count="221"/>
        <line num="57" type="stmt" count="221"/>
        <line num="59" type="method" name="normalizeAccount" crap="2.06" count="221"/>
        <line num="61" type="stmt" count="221"/>
        <line num="62" type="stmt" count="221"/>
        <line num="63" type="stmt" count="0"/>
        <line num="67" type="stmt" count="221"/>
        <line num="70" type="method" name="getResult" crap="1" count="0"/>
        <line num="71" type="stmt" count="1"/>
        <metrics loc="70" ncloc="66" classes="1" methods="6" coveredmethods="3" conditionals="0" coveredconditionals="0" statements="18" coveredstatements="14" elements="24" coveredelements="17"/>
      </file>
      <file name="/home/dl/Projects/bav/library/Bav/Validator/Chain.php">
        <class name="Chain" namespace="Bav\Validator">
          <metrics methods="4" coveredmethods="4" conditionals="0" coveredconditionals="0" statements="10" coveredstatements="10" elements="14" coveredelements="14"/>
        </class>
        <line num="12" type="method" name="getResult" crap="5" count="58"/>
        <line num="15" type="stmt" count="58"/>
        <line num="16" type="stmt" count="58"/>
        <line num="17" type="stmt" count="1"/>
        <line num="19" type="stmt" count="58"/>
        <line num="20" type="stmt" count="29"/>
        <line num="23" type="stmt" count="56"/>
        <line num="25" type="stmt" count="30"/>
        <line num="28" type="method" name="validate" crap="1" count="58"/>
        <line num="29" type="stmt" count="58"/>
        <line num="37" type="method" name="continueValidation" crap="1" count="44"/>
        <line num="39" type="stmt" count="44"/>
        <line num="46" type="method" name="useValidator" crap="1" count="53"/>
        <line num="48" type="stmt" count="53"/>
        <line num="50" type="stmt" count="1"/>
        <metrics loc="49" ncloc="38" classes="1" methods="4" coveredmethods="4" conditionals="0" coveredconditionals="0" statements="10" coveredstatements="10" elements="14" coveredelements="14"/>
      </file>
      <file name="/home/dl/Projects/bav/library/Bav/Validator/Iteration.php">
        <class name="Iteration" namespace="Bav\Validator">
          <metrics methods="7" coveredmethods="4" conditionals="0" coveredconditionals="0" statements="20" coveredstatements="18" elements="27" coveredelements="22"/>
        </class>
        <line num="15" type="method" name="iterationStep" crap="1" count="0"/>
        <line num="17" type="method" name="init" crap="1" count="216"/>
        <line num="19" type="stmt" count="216"/>
        <line num="20" type="stmt" count="216"/>
        <line num="21" type="stmt" count="216"/>
        <line num="23" type="method" name="validate" crap="3" count="216"/>
        <line num="25" type="stmt" count="216"/>
        <line num="26" type="stmt" count="216"/>
        <line num="27" type="stmt" count="216"/>
        <line num="29" type="stmt" count="216"/>
        <line num="30" type="stmt" count="216"/>
        <line num="32" type="stmt" count="216"/>
        <line num="33" type="stmt" count="216"/>
        <line num="34" type="stmt" count="216"/>
        <line num="35" type="stmt" count="216"/>
        <line num="37" type="stmt" count="216"/>
        <line num="38" type="stmt" count="216"/>
        <line num="40" type="method" name="getStart" crap="2" count="0"/>
        <line num="42" type="stmt" count="0"/>
        <line num="45" type="method" name="setStart" crap="1" count="6"/>
        <line num="47" type="stmt" count="6"/>
        <line num="48" type="stmt" count="6"/>
        <line num="50" type="method" name="getEnd" crap="2" count="0"/>
        <line num="52" type="stmt" count="0"/>
        <line num="55" type="method" name="setEnd" crap="1" count="40"/>
        <line num="57" type="stmt" count="40"/>
        <line num="58" type="stmt" count="40"/>
        <line num="61" type="stmt" count="1"/>
        <metrics loc="60" ncloc="60" classes="1" methods="6" coveredmethods="4" conditionals="0" coveredconditionals="0" statements="20" coveredstatements="18" elements="26" coveredelements="22"/>
      </file>
      <file name="/home/dl/Projects/bav/library/Bav/Validator/IterationWeighted.php">
        <class name="IterationWeighted" namespace="Bav\Validator">
          <metrics methods="5" coveredmethods="3" conditionals="0" coveredconditionals="0" statements="7" coveredstatements="5" elements="12" coveredelements="8"/>
        </class>
        <line num="12" type="method" name="setWeights" crap="1" count="74"/>
        <line num="14" type="stmt" count="74"/>
        <line num="15" type="stmt" count="74"/>
        <line num="17" type="method" name="setModulo" crap="1" count="14"/>
        <line num="19" type="stmt" count="14"/>
        <line num="20" type="stmt" count="14"/>
        <line num="22" type="method" name="getWeight" crap="1" count="212"/>
        <line num="23" type="stmt" count="212"/>
        <line num="26" type="method" name="getWeights" crap="2" count="0"/>
        <line num="28" type="stmt" count="0"/>
        <line num="31" type="method" name="getModulo" crap="2" count="0"/>
        <line num="33" type="stmt" count="0"/>
        <line num="36" type="stmt" count="1"/>
        <metrics loc="35" ncloc="35" classes="1" methods="5" coveredmethods="3" conditionals="0" coveredconditionals="0" statements="7" coveredstatements="5" elements="12" coveredelements="8"/>
      </file>
      <file name="/home/dl/Projects/bav/library/Bav/Validator/Math.php">
        <class name="Math" namespace="Bav\Validator">
          <metrics methods="3" coveredmethods="3" conditionals="0" coveredconditionals="0" statements="14" coveredstatements="13" elements="17" coveredelements="16"/>
        </class>
        <line num="14" type="method" name="crossSum" crap="2" count="70"/>
        <line num="16" type="stmt" count="70"/>
        <line num="17" type="stmt" count="70"/>
        <line num="19" type="stmt" count="70"/>
        <line num="20" type="stmt" count="70"/>
        <line num="21" type="stmt" count="70"/>
        <line num="23" type="stmt" count="70"/>
        <line num="26" type="method" name="isBetween" crap="4" count="7"/>
        <line num="28" type="stmt" count="7"/>
        <line num="31" type="stmt" count="7"/>
        <line num="32" type="stmt" count="7"/>
        <line num="35" type="method" name="getNormalizedPosition" crap="4.13" count="218"/>
        <line num="37" type="stmt" count="218"/>
        <line num="38" type="stmt" count="0"/>
        <line num="42" type="stmt" count="218"/>
        <line num="43" type="stmt" count="216"/>
        <line num="46" type="stmt" count="205"/>
        <line num="50" type="stmt" count="1"/>
        <metrics loc="49" ncloc="43" classes="1" methods="3" coveredmethods="2" conditionals="0" coveredconditionals="0" statements="14" coveredstatements="13" elements="17" coveredelements="15"/>
      </file>
      <file name="/home/dl/Projects/bav/library/Bav/Validator/Transformation.php">
        <class name="Transformation" namespace="Bav\Validator">
          <metrics methods="5" coveredmethods="4" conditionals="0" coveredconditionals="0" statements="16" coveredstatements="14" elements="21" coveredelements="18"/>
        </class>
        <line num="14" type="method" name="iterationStep" crap="1" count="6"/>
        <line num="16" type="stmt" count="6"/>
        <line num="17" type="stmt" count="6"/>
        <line num="20" type="method" name="setMatrix" crap="3" count="6"/>
        <line num="22" type="stmt" count="6"/>
        <line num="23" type="stmt" count="6"/>
        <line num="24" type="stmt" count="6"/>
        <line num="25" type="stmt" count="6"/>
        <line num="27" type="stmt" count="6"/>
        <line num="29" type="stmt" count="6"/>
        <line num="30" type="stmt" count="6"/>
        <line num="33" type="method" name="setRowIteration" crap="2" count="0"/>
        <line num="35" type="stmt" count="0"/>
        <line num="36" type="stmt" count="0"/>
        <line num="40" type="method" name="getTransformationRow" crap="1" count="6"/>
        <line num="42" type="stmt" count="6"/>
        <line num="48" type="method" name="getTransformedNumber" crap="2" count="6"/>
        <line num="50" type="stmt" count="6"/>
        <line num="51" type="stmt" count="6"/>
        <line num="52" type="stmt" count="6"/>
        <line num="53" type="stmt" count="6"/>
        <line num="56" type="stmt" count="1"/>
        <metrics loc="55" ncloc="41" classes="1" methods="5" coveredmethods="4" conditionals="0" coveredconditionals="0" statements="16" coveredstatements="14" elements="21" coveredelements="18"/>
      </file>
    </package>
    <package name="Bav\Validator\De">
      <file name="/home/dl/Projects/bav/library/Bav/Validator/De/System00.php">
        <class name="System00" namespace="Bav\Validator\De">
          <metrics methods="2" coveredmethods="2" conditionals="0" coveredconditionals="0" statements="5" coveredstatements="5" elements="7" coveredelements="7"/>
        </class>
        <line num="14" type="method" name="iterationStep" crap="1" count="59"/>
        <line num="16" type="stmt" count="59"/>
        <line num="17" type="stmt" count="59"/>
        <line num="19" type="method" name="getResult" crap="2" count="61"/>
        <line num="21" type="stmt" count="61"/>
        <line num="22" type="stmt" count="61"/>
        <line num="23" type="stmt" count="61"/>
        <line num="25" type="stmt" count="1"/>
        <metrics loc="24" ncloc="24" classes="1" methods="2" coveredmethods="2" conditionals="0" coveredconditionals="0" statements="5" coveredstatements="5" elements="7" coveredelements="7"/>
      </file>
      <file name="/home/dl/Projects/bav/library/Bav/Validator/De/System01.php">
        <class name="System01" namespace="Bav\Validator\De">
          <metrics methods="2" coveredmethods="2" conditionals="0" coveredconditionals="0" statements="5" coveredstatements="5" elements="7" coveredelements="7"/>
        </class>
        <line num="14" type="method" name="iterationStep" crap="1" count="124"/>
        <line num="16" type="stmt" count="124"/>
        <line num="17" type="stmt" count="124"/>
        <line num="19" type="method" name="getResult" crap="2" count="26"/>
        <line num="21" type="stmt" count="26"/>
        <line num="22" type="stmt" count="26"/>
        <line num="23" type="stmt" count="26"/>
        <line num="25" type="stmt" count="1"/>
        <metrics loc="24" ncloc="24" classes="1" methods="2" coveredmethods="2" conditionals="0" coveredconditionals="0" statements="5" coveredstatements="5" elements="7" coveredelements="7"/>
      </file>
      <file name="/home/dl/Projects/bav/library/Bav/Validator/De/System02.php">
        <class name="System02" namespace="Bav\Validator\De">
          <metrics methods="2" coveredmethods="2" conditionals="0" coveredconditionals="0" statements="7" coveredstatements="7" elements="9" coveredelements="9"/>
        </class>
        <line num="14" type="method" name="iterationStep" crap="1" count="15"/>
        <line num="16" type="stmt" count="15"/>
        <line num="17" type="stmt" count="15"/>
        <line num="19" type="method" name="getResult" crap="3" count="15"/>
        <line num="21" type="stmt" count="15"/>
        <line num="22" type="stmt" count="15"/>
        <line num="24" type="stmt" count="15"/>
        <line num="25" type="stmt" count="15"/>
        <line num="26" type="stmt" count="15"/>
        <line num="28" type="stmt" count="1"/>
        <metrics loc="27" ncloc="27" classes="1" methods="2" coveredmethods="2" conditionals="0" coveredconditionals="0" statements="7" coveredstatements="7" elements="9" coveredelements="9"/>
      </file>
      <file name="/home/dl/Projects/bav/library/Bav/Validator/De/System03.php">
        <class name="System03" namespace="Bav\Validator\De">
          <metrics methods="0" coveredmethods="0" conditionals="0" coveredconditionals="0" statements="0" coveredstatements="0" elements="0" coveredelements="0"/>
        </class>
        <line num="8" type="stmt" count="1"/>
        <line num="12" type="stmt" count="1"/>
        <metrics loc="11" ncloc="11" classes="1" methods="0" coveredmethods="0" conditionals="0" coveredconditionals="0" statements="1" coveredstatements="1" elements="1" coveredelements="1"/>
      </file>
      <file name="/home/dl/Projects/bav/library/Bav/Validator/De/System04.php">
        <class name="System04" namespace="Bav\Validator\De">
          <metrics methods="0" coveredmethods="0" conditionals="0" coveredconditionals="0" statements="0" coveredstatements="0" elements="0" coveredelements="0"/>
        </class>
        <line num="8" type="stmt" count="1"/>
        <line num="12" type="stmt" count="1"/>
        <metrics loc="11" ncloc="11" classes="1" methods="0" coveredmethods="0" conditionals="0" coveredconditionals="0" statements="1" coveredstatements="1" elements="1" coveredelements="1"/>
      </file>
      <file name="/home/dl/Projects/bav/library/Bav/Validator/De/System05.php">
        <class name="System05" namespace="Bav\Validator\De">
          <metrics methods="0" coveredmethods="0" conditionals="0" coveredconditionals="0" statements="0" coveredstatements="0" elements="0" coveredelements="0"/>
        </class>
        <line num="8" type="stmt" count="1"/>
        <line num="12" type="stmt" count="1"/>
        <metrics loc="11" ncloc="11" classes="1" methods="0" coveredmethods="0" conditionals="0" coveredconditionals="0" statements="1" coveredstatements="1" elements="1" coveredelements="1"/>
      </file>
      <file name="/home/dl/Projects/bav/library/Bav/Validator/De/System06.php">
        <class name="System06" namespace="Bav\Validator\De">
          <metrics methods="1" coveredmethods="1" conditionals="0" coveredconditionals="0" statements="5" coveredstatements="5" elements="6" coveredelements="6"/>
        </class>
        <line num="13" type="method" name="getResult" crap="2" count="99"/>
        <line num="14" type="stmt" count="99"/>
        <line num="15" type="stmt" count="99"/>
        <line num="16" type="stmt" count="99"/>
        <line num="17" type="stmt" count="99"/>
        <line num="18" type="stmt" count="99"/>
        <line num="20" type="stmt" count="1"/>
        <metrics loc="19" ncloc="19" classes="1" methods="1" coveredmethods="1" conditionals="0" coveredconditionals="0" statements="5" coveredstatements="5" elements="6" coveredelements="6"/>
      </file>
      <file name="/home/dl/Projects/bav/library/Bav/Validator/De/System07.php">
        <class name="System07" namespace="Bav\Validator\De">
          <metrics methods="0" coveredmethods="0" conditionals="0" coveredconditionals="0" statements="0" coveredstatements="0" elements="0" coveredelements="0"/>
        </class>
        <line num="8" type="stmt" count="1"/>
        <line num="12" type="stmt" count="1"/>
        <metrics loc="11" ncloc="11" classes="1" methods="0" coveredmethods="0" conditionals="0" coveredconditionals="0" statements="1" coveredstatements="1" elements="1" coveredelements="1"/>
      </file>
      <file name="/home/dl/Projects/bav/library/Bav/Validator/De/System08.php">
        <class name="System08" namespace="Bav\Validator\De">
          <metrics methods="1" coveredmethods="1" conditionals="0" coveredconditionals="0" statements="2" coveredstatements="2" elements="3" coveredelements="3"/>
        </class>
        <line num="12" type="method" name="getResult" crap="2" count="2"/>
        <line num="14" type="stmt" count="2"/>
        <line num="15" type="stmt" count="2"/>
        <line num="17" type="stmt" count="1"/>
        <metrics loc="16" ncloc="16" classes="1" methods="1" coveredmethods="1" conditionals="0" coveredconditionals="0" statements="2" coveredstatements="2" elements="3" coveredelements="3"/>
      </file>
      <file name="/home/dl/Projects/bav/library/Bav/Validator/De/System09.php">
        <class name="System09" namespace="Bav\Validator\De">
          <metrics methods="2" coveredmethods="2" conditionals="0" coveredconditionals="0" statements="2" coveredstatements="2" elements="4" coveredelements="4"/>
        </class>
        <line num="10" type="method" name="validate" crap="1" count="4"/>
        <line num="12" type="stmt" count="4"/>
        <line num="15" type="method" name="getResult" crap="1" count="4"/>
        <line num="17" type="stmt" count="4"/>
        <line num="19" type="stmt" count="1"/>
        <metrics loc="18" ncloc="18" classes="1" methods="2" coveredmethods="2" conditionals="0" coveredconditionals="0" statements="2" coveredstatements="2" elements="4" coveredelements="4"/>
      </file>
      <file name="/home/dl/Projects/bav/library/Bav/Validator/De/System10.php">
        <class name="System10" namespace="Bav\Validator\De">
          <metrics methods="0" coveredmethods="0" conditionals="0" coveredconditionals="0" statements="0" coveredstatements="0" elements="0" coveredelements="0"/>
        </class>
        <line num="8" type="stmt" count="1"/>
        <line num="12" type="stmt" count="1"/>
        <metrics loc="11" ncloc="11" classes="1" methods="0" coveredmethods="0" conditionals="0" coveredconditionals="0" statements="1" coveredstatements="1" elements="1" coveredelements="1"/>
      </file>
      <file name="/home/dl/Projects/bav/library/Bav/Validator/De/System11.php">
        <class name="System11" namespace="Bav\Validator\De">
          <metrics methods="1" coveredmethods="1" conditionals="0" coveredconditionals="0" statements="8" coveredstatements="6" elements="9" coveredelements="7"/>
        </class>
        <line num="10" type="method" name="getResult" crap="3.14" count="2"/>
        <line num="11" type="stmt" count="2"/>
        <line num="13" type="stmt" count="2"/>
        <line num="14" type="stmt" count="1"/>
        <line num="15" type="stmt" count="1"/>
        <line num="16" type="stmt" count="2"/>
        <line num="17" type="stmt" count="0"/>
        <line num="18" type="stmt" count="0"/>
        <line num="20" type="stmt" count="2"/>
        <line num="23" type="stmt" count="1"/>
        <metrics loc="22" ncloc="22" classes="1" methods="1" coveredmethods="0" conditionals="0" coveredconditionals="0" statements="8" coveredstatements="6" elements="9" coveredelements="6"/>
      </file>
      <file name="/home/dl/Projects/bav/library/Bav/Validator/De/System13.php">
        <class name="System13" namespace="Bav\Validator\De">
          <metrics methods="1" coveredmethods="1" conditionals="0" coveredconditionals="0" statements="5" coveredstatements="5" elements="6" coveredelements="6"/>
        </class>
        <line num="18" type="method" name="isValid" crap="3" count="2"/>
        <line num="19" type="stmt" count="2"/>
        <line num="20" type="stmt" count="1"/>
        <line num="23" type="stmt" count="1"/>
        <line num="24" type="stmt" count="1"/>
        <line num="25" type="stmt" count="1"/>
        <line num="28" type="stmt" count="1"/>
        <metrics loc="27" ncloc="23" classes="1" methods="1" coveredmethods="1" conditionals="0" coveredconditionals="0" statements="5" coveredstatements="5" elements="6" coveredelements="6"/>
      </file>
      <file name="/home/dl/Projects/bav/library/Bav/Validator/De/System16.php">
        <class name="System16" namespace="Bav\Validator\De">
          <metrics methods="1" coveredmethods="1" conditionals="0" coveredconditionals="0" statements="3" coveredstatements="3" elements="4" coveredelements="4"/>
        </class>
        <line num="10" type="method" name="getResult" crap="2" count="4"/>
        <line num="12" type="stmt" count="4"/>
        <line num="13" type="stmt" count="4"/>
        <line num="14" type="stmt" count="4"/>
        <line num="17" type="stmt" count="1"/>
        <metrics loc="16" ncloc="16" classes="1" methods="1" coveredmethods="1" conditionals="0" coveredconditionals="0" statements="3" coveredstatements="3" elements="4" coveredelements="4"/>
      </file>
      <file name="/home/dl/Projects/bav/library/Bav/Validator/De/System17.php">
        <class name="System17" namespace="Bav\Validator\De">
          <metrics methods="2" coveredmethods="2" conditionals="0" coveredconditionals="0" statements="4" coveredstatements="4" elements="6" coveredelements="6"/>
        </class>
        <line num="16" type="method" name="iterationStep" crap="1" count="2"/>
        <line num="18" type="stmt" count="2"/>
        <line num="19" type="stmt" count="2"/>
        <line num="21" type="method" name="getResult" crap="2" count="2"/>
        <line num="23" type="stmt" count="2"/>
        <line num="24" type="stmt" count="2"/>
        <line num="26" type="stmt" count="1"/>
        <metrics loc="25" ncloc="25" classes="1" methods="2" coveredmethods="2" conditionals="0" coveredconditionals="0" statements="4" coveredstatements="4" elements="6" coveredelements="6"/>
      </file>
      <file name="/home/dl/Projects/bav/library/Bav/Validator/De/System18.php">
        <class name="System18" namespace="Bav\Validator\De">
          <metrics methods="0" coveredmethods="0" conditionals="0" coveredconditionals="0" statements="0" coveredstatements="0" elements="0" coveredelements="0"/>
        </class>
        <line num="8" type="stmt" count="1"/>
        <line num="12" type="stmt" count="1"/>
        <metrics loc="11" ncloc="11" classes="1" methods="0" coveredmethods="0" conditionals="0" coveredconditionals="0" statements="1" coveredstatements="1" elements="1" coveredelements="1"/>
      </file>
      <file name="/home/dl/Projects/bav/library/Bav/Validator/De/System19.php">
        <class name="System19" namespace="Bav\Validator\De">
          <metrics methods="0" coveredmethods="0" conditionals="0" coveredconditionals="0" statements="0" coveredstatements="0" elements="0" coveredelements="0"/>
        </class>
        <line num="8" type="stmt" count="1"/>
        <line num="12" type="stmt" count="1"/>
        <metrics loc="11" ncloc="11" classes="1" methods="0" coveredmethods="0" conditionals="0" coveredconditionals="0" statements="1" coveredstatements="1" elements="1" coveredelements="1"/>
      </file>
      <file name="/home/dl/Projects/bav/library/Bav/Validator/De/System20.php">
        <class name="System20" namespace="Bav\Validator\De">
          <metrics methods="0" coveredmethods="0" conditionals="0" coveredconditionals="0" statements="0" coveredstatements="0" elements="0" coveredelements="0"/>
        </class>
        <line num="8" type="stmt" count="1"/>
        <line num="12" type="stmt" count="1"/>
        <metrics loc="11" ncloc="11" classes="1" methods="0" coveredmethods="0" conditionals="0" coveredconditionals="0" statements="1" coveredstatements="1" elements="1" coveredelements="1"/>
      </file>
      <file name="/home/dl/Projects/bav/library/Bav/Validator/De/System21.php">
        <class name="System21" namespace="Bav\Validator\De">
          <metrics methods="2" coveredmethods="2" conditionals="0" coveredconditionals="0" statements="5" coveredstatements="5" elements="7" coveredelements="7"/>
        </class>
        <line num="12" type="method" name="iterationStep" crap="1" count="2"/>
        <line num="14" type="stmt" count="2"/>
        <line num="15" type="stmt" count="2"/>
        <line num="17" type="method" name="getResult" crap="2" count="2"/>
        <line num="19" type="stmt" count="2"/>
        <line num="20" type="stmt" count="2"/>
        <line num="21" type="stmt" count="2"/>
        <line num="23" type="stmt" count="1"/>
        <metrics loc="22" ncloc="22" classes="1" methods="2" coveredmethods="2" conditionals="0" coveredconditionals="0" statements="5" coveredstatements="5" elements="7" coveredelements="7"/>
      </file>
      <file name="/home/dl/Projects/bav/library/Bav/Validator/De/System22.php">
        <class name="System22" namespace="Bav\Validator\De">
          <metrics methods="2" coveredmethods="2" conditionals="0" coveredconditionals="0" statements="4" coveredstatements="4" elements="6" coveredelements="6"/>
        </class>
        <line num="12" type="method" name="iterationStep" crap="1" count="2"/>
        <line num="14" type="stmt" count="2"/>
        <line num="15" type="stmt" count="2"/>
        <line num="17" type="method" name="getResult" crap="1" count="2"/>
        <line num="19" type="stmt" count="2"/>
        <line num="20" type="stmt" count="2"/>
        <line num="22" type="stmt" count="1"/>
        <metrics loc="21" ncloc="21" classes="1" methods="2" coveredmethods="2" conditionals="0" coveredconditionals="0" statements="4" coveredstatements="4" elements="6" coveredelements="6"/>
      </file>
      <file name="/home/dl/Projects/bav/library/Bav/Validator/De/System23.php">
        <class name="System23" namespace="Bav\Validator\De">
          <metrics methods="0" coveredmethods="0" conditionals="0" coveredconditionals="0" statements="0" coveredstatements="0" elements="0" coveredelements="0"/>
        </class>
        <line num="8" type="stmt" count="1"/>
        <line num="14" type="stmt" count="1"/>
        <metrics loc="13" ncloc="13" classes="1" methods="0" coveredmethods="0" conditionals="0" coveredconditionals="0" statements="1" coveredstatements="1" elements="1" coveredelements="1"/>
      </file>
      <file name="/home/dl/Projects/bav/library/Bav/Validator/De/System24.php">
        <class name="System24" namespace="Bav\Validator\De">
          <metrics methods="3" coveredmethods="3" conditionals="0" coveredconditionals="0" statements="7" coveredstatements="7" elements="10" coveredelements="10"/>
        </class>
        <line num="14" type="method" name="init" crap="1" count="2"/>
        <line num="16" type="stmt" count="2"/>
        <line num="18" type="stmt" count="2"/>
        <line num="19" type="stmt" count="2"/>
        <line num="21" type="method" name="getResult" crap="1" count="2"/>
        <line num="23" type="stmt" count="2"/>
        <line num="24" type="stmt" count="2"/>
        <line num="27" type="method" name="iterationStep" crap="1" count="2"/>
        <line num="29" type="stmt" count="2"/>
        <line num="30" type="stmt" count="2"/>
        <line num="31" type="stmt" count="1"/>
        <metrics loc="30" ncloc="30" classes="1" methods="3" coveredmethods="3" conditionals="0" coveredconditionals="0" statements="7" coveredstatements="7" elements="10" coveredelements="10"/>
      </file>
      <file name="/home/dl/Projects/bav/library/Bav/Validator/De/System25.php">
        <class name="System25" namespace="Bav\Validator\De">
          <metrics methods="2" coveredmethods="2" conditionals="0" coveredconditionals="0" statements="12" coveredstatements="6" elements="14" coveredelements="8"/>
        </class>
        <line num="12" type="method" name="getResult" crap="10.40" count="2"/>
        <line num="14" type="stmt" count="2"/>
        <line num="17" type="stmt" count="2"/>
        <line num="18" type="stmt" count="0"/>
        <line num="19" type="stmt" count="0"/>
        <line num="20" type="stmt" count="0"/>
        <line num="23" type="stmt" count="0"/>
        <line num="25" type="stmt" count="2"/>
        <line num="26" type="stmt" count="0"/>
        <line num="27" type="stmt" count="0"/>
        <line num="31" type="stmt" count="2"/>
        <line num="34" type="method" name="iterationStep" crap="1" count="2"/>
        <line num="36" type="stmt" count="2"/>
        <line num="37" type="stmt" count="2"/>
        <line num="38" type="stmt" count="1"/>
        <metrics loc="37" ncloc="37" classes="1" methods="2" coveredmethods="1" conditionals="0" coveredconditionals="0" statements="12" coveredstatements="6" elements="14" coveredelements="7"/>
      </file>
      <file name="/home/dl/Projects/bav/library/Bav/Validator/De/System26.php">
        <class name="System26" namespace="Bav\Validator\De">
          <metrics methods="1" coveredmethods="1" conditionals="0" coveredconditionals="0" statements="5" coveredstatements="5" elements="6" coveredelements="6"/>
        </class>
        <line num="15" type="method" name="init" crap="2" count="2"/>
        <line num="17" type="stmt" count="2"/>
        <line num="19" type="stmt" count="2"/>
        <line num="20" type="stmt" count="2"/>
        <line num="22" type="stmt" count="2"/>
        <line num="23" type="stmt" count="2"/>
        <line num="24" type="stmt" count="1"/>
        <metrics loc="23" ncloc="23" classes="1" methods="1" coveredmethods="1" conditionals="0" coveredconditionals="0" statements="5" coveredstatements="5" elements="6" coveredelements="6"/>
      </file>
      <file name="/home/dl/Projects/bav/library/Bav/Validator/De/System28.php">
        <class name="System28" namespace="Bav\Validator\De">
          <metrics methods="0" coveredmethods="0" conditionals="0" coveredconditionals="0" statements="0" coveredstatements="0" elements="0" coveredelements="0"/>
        </class>
        <line num="8" type="stmt" count="1"/>
        <line num="15" type="stmt" count="1"/>
        <metrics loc="14" ncloc="14" classes="1" methods="0" coveredmethods="0" conditionals="0" coveredconditionals="0" statements="1" coveredstatements="1" elements="1" coveredelements="1"/>
      </file>
      <file name="/home/dl/Projects/bav/library/Bav/Validator/De/System29.php">
        <class name="System29" namespace="Bav\Validator\De">
          <metrics methods="2" coveredmethods="2" conditionals="0" coveredconditionals="0" statements="10" coveredstatements="10" elements="12" coveredelements="12"/>
        </class>
        <line num="10" type="method" name="__construct" crap="1" count="4"/>
        <line num="12" type="stmt" count="4"/>
        <line num="14" type="stmt" count="4"/>
        <line num="15" type="stmt" count="4"/>
        <line num="16" type="stmt" count="4"/>
        <line num="17" type="stmt" count="4"/>
        <line num="18" type="stmt" count="4"/>
        <line num="19" type="stmt" count="4"/>
        <line num="20" type="stmt" count="4"/>
        <line num="25" type="method" name="getResult" crap="1" count="4"/>
        <line num="27" type="stmt" count="4"/>
        <line num="28" type="stmt" count="4"/>
        <line num="31" type="stmt" count="1"/>
        <metrics loc="30" ncloc="27" classes="1" methods="2" coveredmethods="2" conditionals="0" coveredconditionals="0" statements="10" coveredstatements="10" elements="12" coveredelements="12"/>
      </file>
      <file name="/home/dl/Projects/bav/library/Bav/Validator/De/System30.php">
        <class name="System30" namespace="Bav\Validator\De">
          <metrics methods="1" coveredmethods="1" conditionals="0" coveredconditionals="0" statements="2" coveredstatements="2" elements="3" coveredelements="3"/>
        </class>
        <line num="14" type="method" name="iterationStep" crap="1" count="2"/>
        <line num="16" type="stmt" count="2"/>
        <line num="17" type="stmt" count="2"/>
        <line num="19" type="stmt" count="1"/>
        <metrics loc="18" ncloc="18" classes="1" methods="1" coveredmethods="1" conditionals="0" coveredconditionals="0" statements="2" coveredstatements="2" elements="3" coveredelements="3"/>
      </file>
      <file name="/home/dl/Projects/bav/library/Bav/Validator/De/System31.php">
        <class name="System31" namespace="Bav\Validator\De">
          <metrics methods="2" coveredmethods="2" conditionals="0" coveredconditionals="0" statements="8" coveredstatements="6" elements="10" coveredelements="8"/>
        </class>
        <line num="12" type="method" name="iterationStep" crap="1" count="2"/>
        <line num="14" type="stmt" count="2"/>
        <line num="15" type="stmt" count="2"/>
        <line num="17" type="method" name="getResult" crap="3.33" count="2"/>
        <line num="19" type="stmt" count="2"/>
        <line num="20" type="stmt" count="2"/>
        <line num="21" type="stmt" count="0"/>
        <line num="23" type="stmt" count="2"/>
        <line num="24" type="stmt" count="0"/>
        <line num="27" type="stmt" count="2"/>
        <line num="29" type="stmt" count="1"/>
        <metrics loc="28" ncloc="28" classes="1" methods="2" coveredmethods="1" conditionals="0" coveredconditionals="0" statements="8" coveredstatements="6" elements="10" coveredelements="7"/>
      </file>
      <file name="/home/dl/Projects/bav/library/Bav/Validator/De/System32.php">
        <class name="System32" namespace="Bav\Validator\De">
          <metrics methods="0" coveredmethods="0" conditionals="0" coveredconditionals="0" statements="0" coveredstatements="0" elements="0" coveredelements="0"/>
        </class>
        <line num="8" type="stmt" count="1"/>
        <line num="12" type="stmt" count="1"/>
        <metrics loc="11" ncloc="11" classes="1" methods="0" coveredmethods="0" conditionals="0" coveredconditionals="0" statements="1" coveredstatements="1" elements="1" coveredelements="1"/>
      </file>
      <file name="/home/dl/Projects/bav/library/Bav/Validator/De/System33.php">
        <class name="System33" namespace="Bav\Validator\De">
          <metrics methods="0" coveredmethods="0" conditionals="0" coveredconditionals="0" statements="0" coveredstatements="0" elements="0" coveredelements="0"/>
        </class>
        <line num="8" type="stmt" count="1"/>
        <line num="12" type="stmt" count="1"/>
        <metrics loc="11" ncloc="11" classes="1" methods="0" coveredmethods="0" conditionals="0" coveredconditionals="0" statements="1" coveredstatements="1" elements="1" coveredelements="1"/>
      </file>
      <file name="/home/dl/Projects/bav/library/Bav/Validator/De/System34.php">
        <class name="System34" namespace="Bav\Validator\De">
          <metrics methods="0" coveredmethods="0" conditionals="0" coveredconditionals="0" statements="0" coveredstatements="0" elements="0" coveredelements="0"/>
        </class>
        <line num="8" type="stmt" count="1"/>
        <line num="12" type="stmt" count="1"/>
        <metrics loc="11" ncloc="11" classes="1" methods="0" coveredmethods="0" conditionals="0" coveredconditionals="0" statements="1" coveredstatements="1" elements="1" coveredelements="1"/>
      </file>
      <file name="/home/dl/Projects/bav/library/Bav/Validator/De/System35.php">
        <class name="System35" namespace="Bav\Validator\De">
          <metrics methods="2" coveredmethods="2" conditionals="0" coveredconditionals="0" statements="6" coveredstatements="6" elements="8" coveredelements="8"/>
        </class>
        <line num="13" type="method" name="iterationStep" crap="1" count="2"/>
        <line num="14" type="stmt" count="2"/>
        <line num="15" type="stmt" count="2"/>
        <line num="18" type="method" name="getResult" crap="2" count="2"/>
        <line num="19" type="stmt" count="2"/>
        <line num="20" type="stmt" count="2"/>
        <line num="21" type="stmt" count="1"/>
        <line num="24" type="stmt" count="2"/>
        <line num="28" type="stmt" count="1"/>
        <metrics loc="27" ncloc="27" classes="1" methods="2" coveredmethods="2" conditionals="0" coveredconditionals="0" statements="6" coveredstatements="6" elements="8" coveredelements="8"/>
      </file>
      <file name="/home/dl/Projects/bav/library/Bav/Validator/De/System36.php">
        <class name="System36" namespace="Bav\Validator\De">
          <metrics methods="0" coveredmethods="0" conditionals="0" coveredconditionals="0" statements="0" coveredstatements="0" elements="0" coveredelements="0"/>
        </class>
        <line num="8" type="stmt" count="1"/>
        <line num="14" type="stmt" count="1"/>
        <metrics loc="13" ncloc="13" classes="1" methods="0" coveredmethods="0" conditionals="0" coveredconditionals="0" statements="1" coveredstatements="1" elements="1" coveredelements="1"/>
      </file>
      <file name="/home/dl/Projects/bav/library/Bav/Validator/De/System37.php">
        <class name="System37" namespace="Bav\Validator\De">
          <metrics methods="0" coveredmethods="0" conditionals="0" coveredconditionals="0" statements="0" coveredstatements="0" elements="0" coveredelements="0"/>
        </class>
        <line num="8" type="stmt" count="1"/>
        <line num="14" type="stmt" count="1"/>
        <metrics loc="13" ncloc="13" classes="1" methods="0" coveredmethods="0" conditionals="0" coveredconditionals="0" statements="1" coveredstatements="1" elements="1" coveredelements="1"/>
      </file>
      <file name="/home/dl/Projects/bav/library/Bav/Validator/De/System38.php">
        <class name="System38" namespace="Bav\Validator\De">
          <metrics methods="0" coveredmethods="0" conditionals="0" coveredconditionals="0" statements="0" coveredstatements="0" elements="0" coveredelements="0"/>
        </class>
        <line num="8" type="stmt" count="1"/>
        <line num="14" type="stmt" count="1"/>
        <metrics loc="13" ncloc="13" classes="1" methods="0" coveredmethods="0" conditionals="0" coveredconditionals="0" statements="1" coveredstatements="1" elements="1" coveredelements="1"/>
      </file>
      <file name="/home/dl/Projects/bav/library/Bav/Validator/De/System39.php">
        <class name="System39" namespace="Bav\Validator\De">
          <metrics methods="0" coveredmethods="0" conditionals="0" coveredconditionals="0" statements="0" coveredstatements="0" elements="0" coveredelements="0"/>
        </class>
        <line num="8" type="stmt" count="1"/>
        <line num="14" type="stmt" count="1"/>
        <metrics loc="13" ncloc="13" classes="1" methods="0" coveredmethods="0" conditionals="0" coveredconditionals="0" statements="1" coveredstatements="1" elements="1" coveredelements="1"/>
      </file>
      <file name="/home/dl/Projects/bav/library/Bav/Validator/De/System40.php">
        <class name="System40" namespace="Bav\Validator\De">
          <metrics methods="0" coveredmethods="0" conditionals="0" coveredconditionals="0" statements="0" coveredstatements="0" elements="0" coveredelements="0"/>
        </class>
        <line num="8" type="stmt" count="1"/>
        <line num="13" type="stmt" count="1"/>
        <metrics loc="12" ncloc="12" classes="1" methods="0" coveredmethods="0" conditionals="0" coveredconditionals="0" statements="1" coveredstatements="1" elements="1" coveredelements="1"/>
      </file>
      <file name="/home/dl/Projects/bav/library/Bav/Validator/De/System41.php">
        <class name="System41" namespace="Bav\Validator\De">
          <metrics methods="1" coveredmethods="1" conditionals="0" coveredconditionals="0" statements="6" coveredstatements="6" elements="7" coveredelements="7"/>
        </class>
        <line num="12" type="method" name="init" crap="2" count="2"/>
        <line num="14" type="stmt" count="2"/>
        <line num="16" type="stmt" count="2"/>
        <line num="17" type="stmt" count="2"/>
        <line num="19" type="stmt" count="2"/>
        <line num="20" type="stmt" count="2"/>
        <line num="23" type="stmt" count="2"/>
        <line num="25" type="stmt" count="1"/>
        <metrics loc="24" ncloc="24" classes="1" methods="1" coveredmethods="1" conditionals="0" coveredconditionals="0" statements="6" coveredstatements="6" elements="7" coveredelements="7"/>
      </file>
      <file name="/home/dl/Projects/bav/library/Bav/Validator/De/System42.php">
        <class name="System42" namespace="Bav\Validator\De">
          <metrics methods="0" coveredmethods="0" conditionals="0" coveredconditionals="0" statements="0" coveredstatements="0" elements="0" coveredelements="0"/>
        </class>
        <line num="8" type="stmt" count="1"/>
        <line num="14" type="stmt" count="1"/>
        <metrics loc="13" ncloc="13" classes="1" methods="0" coveredmethods="0" conditionals="0" coveredconditionals="0" statements="1" coveredstatements="1" elements="1" coveredelements="1"/>
      </file>
      <file name="/home/dl/Projects/bav/library/Bav/Validator/De/System43.php">
        <class name="System43" namespace="Bav\Validator\De">
          <metrics methods="2" coveredmethods="2" conditionals="0" coveredconditionals="0" statements="4" coveredstatements="4" elements="6" coveredelements="6"/>
        </class>
        <line num="12" type="method" name="iterationStep" crap="1" count="2"/>
        <line num="14" type="stmt" count="2"/>
        <line num="15" type="stmt" count="2"/>
        <line num="18" type="method" name="getResult" crap="1" count="2"/>
        <line num="20" type="stmt" count="2"/>
        <line num="21" type="stmt" count="2"/>
        <line num="24" type="stmt" count="1"/>
        <metrics loc="23" ncloc="23" classes="1" methods="2" coveredmethods="2" conditionals="0" coveredconditionals="0" statements="4" coveredstatements="4" elements="6" coveredelements="6"/>
      </file>
      <file name="/home/dl/Projects/bav/library/Bav/Validator/De/System44.php">
        <class name="System44" namespace="Bav\Validator\De">
          <metrics methods="0" coveredmethods="0" conditionals="0" coveredconditionals="0" statements="0" coveredstatements="0" elements="0" coveredelements="0"/>
        </class>
        <line num="8" type="stmt" count="1"/>
        <line num="13" type="stmt" count="1"/>
        <metrics loc="12" ncloc="12" classes="1" methods="0" coveredmethods="0" conditionals="0" coveredconditionals="0" statements="1" coveredstatements="1" elements="1" coveredelements="1"/>
      </file>
      <file name="/home/dl/Projects/bav/library/Bav/Validator/De/System45.php">
        <class name="System45" namespace="Bav\Validator\De">
          <metrics methods="1" coveredmethods="1" conditionals="0" coveredconditionals="0" statements="3" coveredstatements="3" elements="4" coveredelements="4"/>
        </class>
        <line num="10" type="method" name="getResult" crap="3" count="2"/>
        <line num="12" type="stmt" count="2"/>
        <line num="13" type="stmt" count="2"/>
        <line num="14" type="stmt" count="2"/>
        <line num="18" type="stmt" count="1"/>
        <metrics loc="17" ncloc="17" classes="1" methods="1" coveredmethods="1" conditionals="0" coveredconditionals="0" statements="3" coveredstatements="3" elements="4" coveredelements="4"/>
      </file>
      <file name="/home/dl/Projects/bav/library/Bav/Validator/De/System46.php">
        <class name="System46" namespace="Bav\Validator\De">
          <metrics methods="0" coveredmethods="0" conditionals="0" coveredconditionals="0" statements="0" coveredstatements="0" elements="0" coveredelements="0"/>
        </class>
        <line num="8" type="stmt" count="1"/>
        <line num="14" type="stmt" count="1"/>
        <metrics loc="13" ncloc="13" classes="1" methods="0" coveredmethods="0" conditionals="0" coveredconditionals="0" statements="1" coveredstatements="1" elements="1" coveredelements="1"/>
      </file>
      <file name="/home/dl/Projects/bav/library/Bav/Validator/De/System47.php">
        <class name="System47" namespace="Bav\Validator\De">
          <metrics methods="0" coveredmethods="0" conditionals="0" coveredconditionals="0" statements="0" coveredstatements="0" elements="0" coveredelements="0"/>
        </class>
        <line num="8" type="stmt" count="1"/>
        <line num="14" type="stmt" count="1"/>
        <metrics loc="13" ncloc="13" classes="1" methods="0" coveredmethods="0" conditionals="0" coveredconditionals="0" statements="1" coveredstatements="1" elements="1" coveredelements="1"/>
      </file>
      <file name="/home/dl/Projects/bav/library/Bav/Validator/De/System48.php">
        <class name="System48" namespace="Bav\Validator\De">
          <metrics methods="0" coveredmethods="0" conditionals="0" coveredconditionals="0" statements="0" coveredstatements="0" elements="0" coveredelements="0"/>
        </class>
        <line num="8" type="stmt" count="1"/>
        <line num="14" type="stmt" count="1"/>
        <metrics loc="13" ncloc="13" classes="1" methods="0" coveredmethods="0" conditionals="0" coveredconditionals="0" statements="1" coveredstatements="1" elements="1" coveredelements="1"/>
      </file>
      <file name="/home/dl/Projects/bav/library/Bav/Validator/De/System49.php">
        <class name="System49" namespace="Bav\Validator\De">
          <metrics methods="1" coveredmethods="1" conditionals="0" coveredconditionals="0" statements="5" coveredstatements="5" elements="6" coveredelements="6"/>
        </class>
        <line num="10" type="method" name="__construct" crap="1" count="2"/>
        <line num="12" type="stmt" count="2"/>
        <line num="13" type="stmt" count="2"/>
        <line num="14" type="stmt" count="2"/>
        <line num="15" type="stmt" count="2"/>
        <line num="16" type="stmt" count="2"/>
        <line num="18" type="stmt" count="1"/>
        <metrics loc="17" ncloc="17" classes="1" methods="1" coveredmethods="1" conditionals="0" coveredconditionals="0" statements="5" coveredstatements="5" elements="6" coveredelements="6"/>
      </file>
      <file name="/home/dl/Projects/bav/library/Bav/Validator/De/System50.php">
        <class name="System50" namespace="Bav\Validator\De">
          <metrics methods="1" coveredmethods="1" conditionals="0" coveredconditionals="0" statements="5" coveredstatements="5" elements="6" coveredelements="6"/>
        </class>
        <line num="14" type="method" name="isValid" crap="3" count="2"/>
        <line num="16" type="stmt" count="2"/>
        <line num="17" type="stmt" count="1"/>
        <line num="20" type="stmt" count="1"/>
        <line num="21" type="stmt" count="1"/>
        <line num="22" type="stmt" count="1"/>
        <line num="24" type="stmt" count="1"/>
        <metrics loc="23" ncloc="23" classes="1" methods="1" coveredmethods="1" conditionals="0" coveredconditionals="0" statements="5" coveredstatements="5" elements="6" coveredelements="6"/>
      </file>
      <file name="/home/dl/Projects/bav/library/Bav/Validator/De/System51.php">
        <class name="System51" namespace="Bav\Validator\De">
          <metrics methods="4" coveredmethods="4" conditionals="0" coveredconditionals="0" statements="32" coveredstatements="31" elements="36" coveredelements="35"/>
        </class>
        <line num="14" type="method" name="__construct" crap="1" count="2"/>
        <line num="16" type="stmt" count="2"/>
        <line num="18" type="stmt" count="2"/>
        <line num="19" type="stmt" count="2"/>
        <line num="20" type="stmt" count="2"/>
        <line num="22" type="stmt" count="2"/>
        <line num="23" type="stmt" count="2"/>
        <line num="25" type="stmt" count="2"/>
        <line num="26" type="stmt" count="2"/>
        <line num="28" type="stmt" count="2"/>
        <line num="29" type="stmt" count="2"/>
        <line num="30" type="stmt" count="2"/>
        <line num="32" type="stmt" count="2"/>
        <line num="33" type="stmt" count="2"/>
        <line num="38" type="method" name="getExceptionValidators" crap="1" count="16"/>
        <line num="40" type="stmt" count="16"/>
        <line num="41" type="stmt" count="16"/>
        <line num="42" type="stmt" count="16"/>
        <line num="44" type="stmt" count="16"/>
        <line num="45" type="stmt" count="16"/>
        <line num="47" type="stmt" count="16"/>
        <line num="50" type="method" name="init" crap="2" count="2"/>
        <line num="52" type="stmt" count="2"/>
        <line num="54" type="stmt" count="2"/>
        <line num="55" type="stmt" count="2"/>
        <line num="56" type="stmt" count="2"/>
        <line num="57" type="stmt" count="2"/>
        <line num="60" type="method" name="continueValidation" crap="5.05" count="2"/>
        <line num="62" type="stmt" count="2"/>
        <line num="63" type="stmt" count="2"/>
        <line num="66" type="stmt" count="1"/>
        <line num="67" type="stmt" count="1"/>
        <line num="68" type="stmt" count="0"/>
        <line num="70" type="stmt" count="1"/>
        <line num="71" type="stmt" count="1"/>
        <line num="73" type="stmt" count="1"/>
        <line num="75" type="stmt" count="1"/>
        <metrics loc="74" ncloc="71" classes="1" methods="4" coveredmethods="3" conditionals="0" coveredconditionals="0" statements="32" coveredstatements="31" elements="36" coveredelements="34"/>
      </file>
      <file name="/home/dl/Projects/bav/library/Bav/Validator/De/System51x.php">
        <class name="System51x" namespace="Bav\Validator\De">
          <metrics methods="2" coveredmethods="2" conditionals="0" coveredconditionals="0" statements="6" coveredstatements="6" elements="8" coveredelements="8"/>
        </class>
        <line num="15" type="method" name="iterationStep" crap="1" count="2"/>
        <line num="17" type="stmt" count="2"/>
        <line num="18" type="stmt" count="2"/>
        <line num="21" type="method" name="getResult" crap="2" count="2"/>
        <line num="23" type="stmt" count="2"/>
        <line num="25" type="stmt" count="2"/>
        <line num="26" type="stmt" count="2"/>
        <line num="27" type="stmt" count="2"/>
        <line num="29" type="stmt" count="1"/>
        <metrics loc="28" ncloc="28" classes="1" methods="2" coveredmethods="2" conditionals="0" coveredconditionals="0" statements="6" coveredstatements="6" elements="8" coveredelements="8"/>
      </file>
      <file name="/home/dl/Projects/bav/library/Bav/Validator/De/System54.php">
        <class name="System54" namespace="Bav\Validator\De">
          <metrics methods="2" coveredmethods="2" conditionals="0" coveredconditionals="0" statements="4" coveredstatements="4" elements="6" coveredelements="6"/>
        </class>
        <line num="14" type="method" name="iterationStep" crap="1" count="2"/>
        <line num="16" type="stmt" count="2"/>
        <line num="17" type="stmt" count="2"/>
        <line num="20" type="method" name="getResult" crap="2" count="2"/>
        <line num="22" type="stmt" count="2"/>
        <line num="23" type="stmt" count="2"/>
        <line num="25" type="stmt" count="1"/>
        <metrics loc="24" ncloc="24" classes="1" methods="2" coveredmethods="2" conditionals="0" coveredconditionals="0" statements="4" coveredstatements="4" elements="6" coveredelements="6"/>
      </file>
      <file name="/home/dl/Projects/bav/library/Bav/Validator/De/System55.php">
        <class name="System55" namespace="Bav\Validator\De">
          <metrics methods="0" coveredmethods="0" conditionals="0" coveredconditionals="0" statements="0" coveredstatements="0" elements="0" coveredelements="0"/>
        </class>
        <line num="8" type="stmt" count="1"/>
        <line num="12" type="stmt" count="1"/>
        <metrics loc="11" ncloc="11" classes="1" methods="0" coveredmethods="0" conditionals="0" coveredconditionals="0" statements="1" coveredstatements="1" elements="1" coveredelements="1"/>
      </file>
      <file name="/home/dl/Projects/bav/library/Bav/Validator/De/System56.php">
        <class name="System56" namespace="Bav\Validator\De">
          <metrics methods="2" coveredmethods="2" conditionals="0" coveredconditionals="0" statements="7" coveredstatements="7" elements="9" coveredelements="9"/>
        </class>
        <line num="12" type="method" name="iterationStep" crap="1" count="2"/>
        <line num="14" type="stmt" count="2"/>
        <line num="15" type="stmt" count="2"/>
        <line num="18" type="method" name="getResult" crap="3" count="2"/>
        <line num="20" type="stmt" count="2"/>
        <line num="21" type="stmt" count="2"/>
        <line num="22" type="stmt" count="1"/>
        <line num="24" type="stmt" count="1"/>
        <line num="25" type="stmt" count="2"/>
        <line num="27" type="stmt" count="1"/>
        <metrics loc="26" ncloc="26" classes="1" methods="2" coveredmethods="2" conditionals="0" coveredconditionals="0" statements="7" coveredstatements="7" elements="9" coveredelements="9"/>
      </file>
      <file name="/home/dl/Projects/bav/library/Bav/Validator/De/System57.php">
        <class name="System57" namespace="Bav\Validator\De">
          <metrics methods="4" coveredmethods="4" conditionals="0" coveredconditionals="0" statements="91" coveredstatements="87" elements="95" coveredelements="91"/>
        </class>
        <line num="16" type="method" name="__construct" crap="1" count="2"/>
        <line num="19" type="stmt" count="2"/>
        <line num="21" type="stmt" count="2"/>
        <line num="22" type="stmt" count="2"/>
        <line num="23" type="stmt" count="2"/>
        <line num="24" type="stmt" count="2"/>
        <line num="26" type="stmt" count="2"/>
        <line num="27" type="stmt" count="2"/>
        <line num="28" type="stmt" count="2"/>
        <line num="29" type="stmt" count="2"/>
        <line num="30" type="stmt" count="2"/>
        <line num="32" type="stmt" count="2"/>
        <line num="33" type="stmt" count="2"/>
        <line num="34" type="stmt" count="2"/>
        <line num="35" type="stmt" count="2"/>
        <line num="36" type="stmt" count="2"/>
        <line num="37" type="stmt" count="2"/>
        <line num="38" type="stmt" count="2"/>
        <line num="39" type="stmt" count="2"/>
        <line num="40" type="stmt" count="2"/>
        <line num="41" type="stmt" count="2"/>
        <line num="42" type="stmt" count="2"/>
        <line num="43" type="stmt" count="2"/>
        <line num="45" type="stmt" count="2"/>
        <line num="46" type="stmt" count="2"/>
        <line num="47" type="stmt" count="2"/>
        <line num="48" type="stmt" count="2"/>
        <line num="49" type="stmt" count="2"/>
        <line num="50" type="stmt" count="2"/>
        <line num="51" type="stmt" count="2"/>
        <line num="52" type="stmt" count="2"/>
        <line num="53" type="stmt" count="2"/>
        <line num="54" type="stmt" count="2"/>
        <line num="55" type="stmt" count="2"/>
        <line num="56" type="stmt" count="2"/>
        <line num="57" type="stmt" count="2"/>
        <line num="58" type="stmt" count="2"/>
        <line num="59" type="stmt" count="2"/>
        <line num="60" type="stmt" count="2"/>
        <line num="61" type="stmt" count="2"/>
        <line num="62" type="stmt" count="2"/>
        <line num="64" type="stmt" count="2"/>
        <line num="65" type="stmt" count="2"/>
        <line num="66" type="stmt" count="2"/>
        <line num="68" type="stmt" count="2"/>
        <line num="69" type="stmt" count="2"/>
        <line num="71" type="method" name="validate" crap="12.04" count="2"/>
        <line num="73" type="stmt" count="2"/>
[...]
      </file>
      <file name="/home/dl/Projects/bav/library/Bav/Validator/De/SystemA5.php">
        <class name="SystemA5" namespace="Bav\Validator\De">
          <metrics methods="2" coveredmethods="2" conditionals="0" coveredconditionals="0" statements="8" coveredstatements="8" elements="10" coveredelements="10"/>
        </class>
        <line num="10" type="method" name="__construct" crap="1" count="2"/>
        <line num="12" type="stmt" count="2"/>
        <line num="13" type="stmt" count="2"/>
        <line num="15" type="stmt" count="2"/>
        <line num="16" type="stmt" count="2"/>
        <line num="17" type="stmt" count="2"/>
        <line num="20" type="method" name="continueValidation" crap="2" count="2"/>
        <line num="22" type="stmt" count="2"/>
        <line num="23" type="stmt" count="2"/>
        <line num="26" type="stmt" count="2"/>
        <line num="29" type="stmt" count="1"/>
        <metrics loc="28" ncloc="28" classes="1" methods="2" coveredmethods="2" conditionals="0" coveredconditionals="0" statements="8" coveredstatements="8" elements="10" coveredelements="10"/>
      </file>
      <file name="/home/dl/Projects/bav/library/Bav/Validator/De/SystemA6.php">
        <class name="SystemA6" namespace="Bav\Validator\De">
          <metrics methods="3" coveredmethods="3" conditionals="0" coveredconditionals="0" statements="10" coveredstatements="10" elements="13" coveredelements="13"/>
        </class>
        <line num="14" type="method" name="__construct" crap="1" count="2"/>
        <line num="17" type="stmt" count="2"/>
        <line num="18" type="stmt" count="2"/>
        <line num="20" type="stmt" count="2"/>
        <line num="21" type="stmt" count="2"/>
        <line num="22" type="stmt" count="2"/>
        <line num="24" type="method" name="validate" crap="2" count="2"/>
        <line num="26" type="stmt" count="2"/>
        <line num="27" type="stmt" count="2"/>
        <line num="28" type="stmt" count="2"/>
        <line num="29" type="stmt" count="2"/>
        <line num="33" type="method" name="getResult" crap="1" count="2"/>
        <line num="35" type="stmt" count="2"/>
        <line num="37" type="stmt" count="1"/>
        <metrics loc="36" ncloc="33" classes="1" methods="3" coveredmethods="3" conditionals="0" coveredconditionals="0" statements="10" coveredstatements="10" elements="13" coveredelements="13"/>
      </file>
      <file name="/home/dl/Projects/bav/library/Bav/Validator/De/SystemA7.php">
        <class name="SystemA7" namespace="Bav\Validator\De">
          <metrics methods="1" coveredmethods="1" conditionals="0" coveredconditionals="0" statements="4" coveredstatements="4" elements="5" coveredelements="5"/>
        </class>
        <line num="10" type="method" name="__construct" crap="1" count="2"/>
        <line num="12" type="stmt" count="2"/>
        <line num="13" type="stmt" count="2"/>
        <line num="15" type="stmt" count="2"/>
        <line num="16" type="stmt" count="2"/>
        <line num="18" type="stmt" count="1"/>
        <metrics loc="17" ncloc="17" classes="1" methods="1" coveredmethods="1" conditionals="0" coveredconditionals="0" statements="4" coveredstatements="4" elements="5" coveredelements="5"/>
      </file>
      <file name="/home/dl/Projects/bav/library/Bav/Validator/De/SystemA8.php">
        <class name="SystemA8" namespace="Bav\Validator\De">
          <metrics methods="2" coveredmethods="2" conditionals="0" coveredconditionals="0" statements="13" coveredstatements="13" elements="15" coveredelements="15"/>
        </class>
        <line num="12" type="method" name="__construct" crap="1" count="2"/>
        <line num="14" type="stmt" count="2"/>
        <line num="15" type="stmt" count="2"/>
        <line num="16" type="stmt" count="2"/>
        <line num="18" type="stmt" count="2"/>
        <line num="19" type="stmt" count="2"/>
        <line num="20" type="stmt" count="2"/>
        <line num="23" type="stmt" count="2"/>
        <line num="24" type="stmt" count="2"/>
        <line num="26" type="method" name="init" crap="2" count="2"/>
        <line num="28" type="stmt" count="2"/>
        <line num="30" type="stmt" count="2"/>
        <line num="31" type="stmt" count="2"/>
        <line num="32" type="stmt" count="2"/>
        <line num="33" type="stmt" count="2"/>
        <line num="34" type="stmt" count="1"/>
        <metrics loc="33" ncloc="33" classes="1" methods="2" coveredmethods="2" conditionals="0" coveredconditionals="0" statements="13" coveredstatements="13" elements="15" coveredelements="15"/>
      </file>
      <file name="/home/dl/Projects/bav/library/Bav/Validator/De/SystemA9.php">
        <class name="SystemA9" namespace="Bav\Validator\De">
          <metrics methods="1" coveredmethods="1" conditionals="0" coveredconditionals="0" statements="5" coveredstatements="5" elements="6" coveredelements="6"/>
        </class>
        <line num="10" type="method" name="__construct" crap="1" count="2"/>
        <line num="12" type="stmt" count="2"/>
        <line num="13" type="stmt" count="2"/>
        <line num="15" type="stmt" count="2"/>
        <line num="16" type="stmt" count="2"/>
        <line num="17" type="stmt" count="2"/>
        <line num="19" type="stmt" count="1"/>
        <metrics loc="18" ncloc="18" classes="1" methods="1" coveredmethods="1" conditionals="0" coveredconditionals="0" statements="5" coveredstatements="5" elements="6" coveredelements="6"/>
      </file>
      <file name="/home/dl/Projects/bav/library/Bav/Validator/De/SystemB0.php">
        <class name="SystemB0" namespace="Bav\Validator\De">
          <metrics methods="3" coveredmethods="3" conditionals="0" coveredconditionals="0" statements="11" coveredstatements="11" elements="14" coveredelements="14"/>
        </class>
        <line num="14" type="method" name="__construct" crap="1" count="2"/>
        <line num="17" type="stmt" count="2"/>
        <line num="19" type="stmt" count="2"/>
        <line num="20" type="stmt" count="2"/>
        <line num="21" type="stmt" count="2"/>
        <line num="23" type="method" name="validate" crap="2" count="2"/>
        <line num="25" type="stmt" count="2"/>
        <line num="26" type="stmt" count="2"/>
        <line num="27" type="stmt" count="2"/>
        <line num="28" type="stmt" count="2"/>
        <line num="32" type="method" name="getResult" crap="3" count="2"/>
        <line num="34" type="stmt" count="2"/>
        <line num="35" type="stmt" count="2"/>
        <line num="36" type="stmt" count="2"/>
        <line num="39" type="stmt" count="1"/>
        <metrics loc="38" ncloc="35" classes="1" methods="3" coveredmethods="3" conditionals="0" coveredconditionals="0" statements="11" coveredstatements="11" elements="14" coveredelements="14"/>
      </file>
      <file name="/home/dl/Projects/bav/library/Bav/Validator/De/SystemB1.php">
        <class name="SystemB1" namespace="Bav\Validator\De">
          <metrics methods="1" coveredmethods="1" conditionals="0" coveredconditionals="0" statements="5" coveredstatements="5" elements="6" coveredelements="6"/>
        </class>
        <line num="10" type="method" name="__construct" crap="1" count="2"/>
        <line num="12" type="stmt" count="2"/>
        <line num="13" type="stmt" count="2"/>
        <line num="15" type="stmt" count="2"/>
        <line num="16" type="stmt" count="2"/>
        <line num="17" type="stmt" count="2"/>
        <line num="20" type="stmt" count="1"/>
        <metrics loc="19" ncloc="19" classes="1" methods="1" coveredmethods="1" conditionals="0" coveredconditionals="0" statements="5" coveredstatements="5" elements="6" coveredelements="6"/>
      </file>
      <file name="/home/dl/Projects/bav/library/Bav/Validator/De/SystemB2.php">
        <class name="SystemB2" namespace="Bav\Validator\De">
          <metrics methods="3" coveredmethods="3" conditionals="0" coveredconditionals="0" statements="10" coveredstatements="10" elements="13" coveredelements="13"/>
        </class>
        <line num="14" type="method" name="__construct" crap="1" count="2"/>
        <line num="17" type="stmt" count="2"/>
        <line num="18" type="stmt" count="2"/>
        <line num="20" type="stmt" count="2"/>
        <line num="21" type="stmt" count="2"/>
        <line num="22" type="stmt" count="2"/>
        <line num="24" type="method" name="validate" crap="2" count="2"/>
        <line num="26" type="stmt" count="2"/>
        <line num="27" type="stmt" count="2"/>
        <line num="28" type="stmt" count="2"/>
        <line num="29" type="stmt" count="2"/>
        <line num="33" type="method" name="getResult" crap="1" count="2"/>
        <line num="35" type="stmt" count="2"/>
        <line num="38" type="stmt" count="1"/>
        <metrics loc="37" ncloc="34" classes="1" methods="3" coveredmethods="3" conditionals="0" coveredconditionals="0" statements="10" coveredstatements="10" elements="13" coveredelements="13"/>
      </file>
      <file name="/home/dl/Projects/bav/library/Bav/Validator/De/SystemB3.php">
        <class name="SystemB3" namespace="Bav\Validator\De">
          <metrics methods="3" coveredmethods="3" conditionals="0" coveredconditionals="0" statements="10" coveredstatements="10" elements="13" coveredelements="13"/>
        </class>
        <line num="14" type="method" name="__construct" crap="1" count="2"/>
        <line num="17" type="stmt" count="2"/>
        <line num="18" type="stmt" count="2"/>
        <line num="20" type="stmt" count="2"/>
        <line num="21" type="stmt" count="2"/>
        <line num="22" type="stmt" count="2"/>
        <line num="24" type="method" name="validate" crap="2" count="2"/>
        <line num="26" type="stmt" count="2"/>
        <line num="27" type="stmt" count="2"/>
        <line num="28" type="stmt" count="2"/>
        <line num="29" type="stmt" count="2"/>
        <line num="33" type="method" name="getResult" crap="1" count="2"/>
        <line num="35" type="stmt" count="2"/>
        <line num="38" type="stmt" count="1"/>
        <metrics loc="37" ncloc="34" classes="1" methods="3" coveredmethods="3" conditionals="0" coveredconditionals="0" statements="10" coveredstatements="10" elements="13" coveredelements="13"/>
      </file>
      <file name="/home/dl/Projects/bav/library/Bav/Validator/De/SystemB4.php">
        <class name="SystemB4" namespace="Bav\Validator\De">
          <metrics methods="3" coveredmethods="3" conditionals="0" coveredconditionals="0" statements="10" coveredstatements="10" elements="13" coveredelements="13"/>
        </class>
        <line num="14" type="method" name="__construct" crap="1" count="2"/>
        <line num="17" type="stmt" count="2"/>
        <line num="18" type="stmt" count="2"/>
        <line num="20" type="stmt" count="2"/>
        <line num="21" type="stmt" count="2"/>
        <line num="22" type="stmt" count="2"/>
        <line num="24" type="method" name="validate" crap="2" count="2"/>
        <line num="26" type="stmt" count="2"/>
        <line num="27" type="stmt" count="2"/>
        <line num="28" type="stmt" count="2"/>
        <line num="29" type="stmt" count="2"/>
        <line num="33" type="method" name="getResult" crap="1" count="2"/>
        <line num="35" type="stmt" count="2"/>
        <line num="38" type="stmt" count="1"/>
        <metrics loc="37" ncloc="34" classes="1" methods="3" coveredmethods="3" conditionals="0" coveredconditionals="0" statements="10" coveredstatements="10" elements="13" coveredelements="13"/>
      </file>
      <file name="/home/dl/Projects/bav/library/Bav/Validator/De/SystemB5.php">
        <class name="SystemB5" namespace="Bav\Validator\De">
          <metrics methods="2" coveredmethods="2" conditionals="0" coveredconditionals="0" statements="8" coveredstatements="8" elements="10" coveredelements="10"/>
        </class>
        <line num="14" type="method" name="__construct" crap="1" count="2"/>
        <line num="17" type="stmt" count="2"/>
        <line num="18" type="stmt" count="2"/>
        <line num="20" type="stmt" count="2"/>
        <line num="21" type="stmt" count="2"/>
        <line num="22" type="stmt" count="2"/>
        <line num="27" type="method" name="continueValidation" crap="2" count="2"/>
        <line num="29" type="stmt" count="2"/>
        <line num="30" type="stmt" count="2"/>
        <line num="33" type="stmt" count="2"/>
        <line num="36" type="stmt" count="1"/>
        <metrics loc="35" ncloc="32" classes="1" methods="2" coveredmethods="2" conditionals="0" coveredconditionals="0" statements="8" coveredstatements="8" elements="10" coveredelements="10"/>
      </file>
      <file name="/home/dl/Projects/bav/library/Bav/Validator/De/SystemB6.php">
        <class name="SystemB6" namespace="Bav\Validator\De">
          <metrics methods="2" coveredmethods="2" conditionals="0" coveredconditionals="0" statements="8" coveredstatements="8" elements="10" coveredelements="10"/>
        </class>
        <line num="10" type="method" name="__construct" crap="1" count="2"/>
        <line num="12" type="stmt" count="2"/>
        <line num="13" type="stmt" count="2"/>
        <line num="15" type="stmt" count="2"/>
        <line num="16" type="stmt" count="2"/>
        <line num="17" type="stmt" count="2"/>
        <line num="20" type="method" name="continueValidation" crap="2" count="2"/>
        <line num="22" type="stmt" count="2"/>
        <line num="23" type="stmt" count="2"/>
        <line num="26" type="stmt" count="2"/>
        <line num="29" type="stmt" count="1"/>
        <metrics loc="28" ncloc="28" classes="1" methods="2" coveredmethods="2" conditionals="0" coveredconditionals="0" statements="8" coveredstatements="8" elements="10" coveredelements="10"/>
      </file>
      <file name="/home/dl/Projects/bav/library/Bav/Validator/De/SystemB7.php">
        <class name="SystemB7" namespace="Bav\Validator\De">
          <metrics methods="1" coveredmethods="1" conditionals="0" coveredconditionals="0" statements="3" coveredstatements="3" elements="4" coveredelements="4"/>
        </class>
        <line num="12" type="method" name="getResult" crap="3" count="2"/>
        <line num="14" type="stmt" count="2"/>
        <line num="15" type="stmt" count="2"/>
        <line num="16" type="stmt" count="2"/>
        <line num="18" type="stmt" count="1"/>
        <metrics loc="17" ncloc="17" classes="1" methods="1" coveredmethods="1" conditionals="0" coveredconditionals="0" statements="3" coveredstatements="3" elements="4" coveredelements="4"/>
      </file>
      <file name="/home/dl/Projects/bav/library/Bav/Validator/De/SystemB8.php">
        <class name="SystemB8" namespace="Bav\Validator\De">
          <metrics methods="2" coveredmethods="2" conditionals="0" coveredconditionals="0" statements="12" coveredstatements="12" elements="14" coveredelements="14"/>
        </class>
        <line num="12" type="method" name="__construct" crap="1" count="2"/>
        <line num="14" type="stmt" count="2"/>
        <line num="15" type="stmt" count="2"/>
        <line num="17" type="stmt" count="2"/>
        <line num="19" type="stmt" count="2"/>
        <line num="20" type="stmt" count="2"/>
        <line num="21" type="stmt" count="2"/>
        <line num="28" type="method" name="useValidator" crap="5" count="2"/>
        <line num="29" type="stmt" count="2"/>
        <line num="30" type="stmt" count="2"/>
        <line num="33" type="stmt" count="2"/>
        <line num="34" type="stmt" count="2"/>
        <line num="35" type="stmt" count="2"/>
        <line num="36" type="stmt" count="2"/>
        <line num="39" type="stmt" count="1"/>
        <metrics loc="38" ncloc="33" classes="1" methods="2" coveredmethods="2" conditionals="0" coveredconditionals="0" statements="12" coveredstatements="12" elements="14" coveredelements="14"/>
      </file>
      <file name="/home/dl/Projects/bav/library/Bav/Validator/De/SystemB9.php">
        <class name="SystemB9" namespace="Bav\Validator\De">
          <metrics methods="3" coveredmethods="3" conditionals="0" coveredconditionals="0" statements="11" coveredstatements="11" elements="14" coveredelements="14"/>
        </class>
        <line num="14" type="method" name="__construct" crap="1" count="2"/>
        <line num="16" type="stmt" count="2"/>
        <line num="17" type="stmt" count="2"/>
        <line num="18" type="stmt" count="2"/>
        <line num="20" type="method" name="validate" crap="3" count="2"/>
        <line num="22" type="stmt" count="2"/>
        <line num="23" type="stmt" count="1"/>
        <line num="24" type="stmt" count="1"/>
        <line num="27" type="stmt" count="2"/>
        <line num="28" type="stmt" count="2"/>
        <line num="29" type="stmt" count="2"/>
        <line num="30" type="stmt" count="2"/>
        <line num="36" type="method" name="getResult" crap="2" count="2"/>
        <line num="38" type="stmt" count="2"/>
        <line num="40" type="stmt" count="1"/>
        <metrics loc="39" ncloc="36" classes="1" methods="3" coveredmethods="3" conditionals="0" coveredconditionals="0" statements="11" coveredstatements="11" elements="14" coveredelements="14"/>
      </file>
      <file name="/home/dl/Projects/bav/library/Bav/Validator/De/SystemB9a.php">
        <class name="SystemB9a" namespace="Bav\Validator\De">
          <metrics methods="2" coveredmethods="2" conditionals="0" coveredconditionals="0" statements="10" coveredstatements="8" elements="12" coveredelements="10"/>
        </class>
        <line num="13" type="method" name="iterationStep" crap="1" count="2"/>
        <line num="15" type="stmt" count="2"/>
        <line num="16" type="stmt" count="2"/>
        <line num="19" type="method" name="getResult" crap="3.14" count="2"/>
        <line num="21" type="stmt" count="2"/>
        <line num="22" type="stmt" count="2"/>
        <line num="23" type="stmt" count="1"/>
        <line num="26" type="stmt" count="2"/>
        <line num="27" type="stmt" count="2"/>
        <line num="28" type="stmt" count="0"/>
        <line num="30" type="stmt" count="0"/>
        <line num="31" type="stmt" count="2"/>
        <line num="33" type="stmt" count="1"/>
        <metrics loc="32" ncloc="32" classes="1" methods="2" coveredmethods="1" conditionals="0" coveredconditionals="0" statements="10" coveredstatements="8" elements="12" coveredelements="9"/>
      </file>
      <file name="/home/dl/Projects/bav/library/Bav/Validator/De/SystemB9b.php">
        <class name="SystemB9b" namespace="Bav\Validator\De">
          <metrics methods="2" coveredmethods="2" conditionals="0" coveredconditionals="0" statements="10" coveredstatements="10" elements="12" coveredelements="12"/>
        </class>
        <line num="13" type="method" name="iterationStep" crap="1" count="1"/>
        <line num="15" type="stmt" count="1"/>
        <line num="16" type="stmt" count="1"/>
        <line num="19" type="method" name="getResult" crap="3" count="1"/>
        <line num="21" type="stmt" count="1"/>
        <line num="22" type="stmt" count="1"/>
        <line num="23" type="stmt" count="1"/>
        <line num="26" type="stmt" count="1"/>
        <line num="27" type="stmt" count="1"/>
        <line num="28" type="stmt" count="1"/>
        <line num="30" type="stmt" count="1"/>
        <line num="31" type="stmt" count="1"/>
        <line num="33" type="stmt" count="1"/>
        <metrics loc="32" ncloc="32" classes="1" methods="2" coveredmethods="2" conditionals="0" coveredconditionals="0" statements="10" coveredstatements="10" elements="12" coveredelements="12"/>
      </file>
    </package>
    <metrics files="145" loc="4665" ncloc="4129" classes="143" methods="279" coveredmethods="195" conditionals="0" coveredconditionals="0" statements="1241" coveredstatements="983" elements="1520" coveredelements="1178"/>
  </project>
</coverage>
